# JRE version: OpenJDK Runtime Environment Temurin-21.0.6+7 (21.0.6+7) (build 21.0.6+7-LTS)
# Java VM: OpenJDK 64-Bit Server VM Temurin-21.0.6+7 (21.0.6+7-LTS, mixed mode, sharing, tiered, compressed oops, compressed class ptrs, parallel gc, windows-amd64)
GC Precious Log:
 CardTable entry size: 512
 CPUs: 4 total, 4 available
 Memory: 8191M
 Large Page Support: Disabled
 NUMA Support: Disabled
 Compressed Oops: Enabled (32-bit)
 Alignments: Space 512K, Generation 512K, Heap 2M
 Heap Min Capacity: 100M
 Heap Initial Capacity: 100M
 Heap Max Capacity: 1G
 Pre-touch: Disabled
 Parallel Workers: 4
Heap:
 PSYoungGen      total 3072K, used 2141K [0x00000000eab00000, 0x00000000eaf80000, 0x0000000100000000)
  eden space 2560K, 71% used [0x00000000eab00000,0x00000000eacd40f8,0x00000000ead80000)
  from space 512K, 62% used [0x00000000eaf00000,0x00000000eaf50000,0x00000000eaf80000)
  to   space 512K, 0% used [0x00000000eae80000,0x00000000eae80000,0x00000000eaf00000)
 ParOldGen       total 444416K, used 444271K [0x00000000c0000000, 0x00000000db200000, 0x00000000eab00000)
  object space 444416K, 99% used [0x00000000c0000000,0x00000000db1dbd90,0x00000000db200000)
 Metaspace       used 66183K, committed 67648K, reserved 1114112K
  class space    used 6714K, committed 7360K, reserved 1048576K
GC Heap History (20 events):
Event: 25.830 GC heap before
{Heap before GC invocations=440 (full 3):
 PSYoungGen      total 3072K, used 3067K [0x00000000eab00000, 0x00000000eaf80000, 0x0000000100000000)
  eden space 2560K, 100% used [0x00000000eab00000,0x00000000ead80000,0x00000000ead80000)
  from space 512K, 99% used [0x00000000eaf00000,0x00000000eaf7ec08,0x00000000eaf80000)
  to   space 1024K, 0% used [0x00000000ead80000,0x00000000ead80000,0x00000000eae80000)
 ParOldGen       total 440320K, used 439839K [0x00000000c0000000, 0x00000000dae00000, 0x00000000eab00000)
  object space 440320K, 99% used [0x00000000c0000000,0x00000000dad87f60,0x00000000dae00000)
 Metaspace       used 66183K, committed 67648K, reserved 1114112K
  class space    used 6714K, committed 7360K, reserved 1048576K
}
Event: 25.831 GC heap after
{Heap after GC invocations=440 (full 3):
 PSYoungGen      total 3584K, used 383K [0x00000000eab00000, 0x00000000eaf80000, 0x0000000100000000)
  eden space 2560K, 0% used [0x00000000eab00000,0x00000000eab00000,0x00000000ead80000)
  from space 1024K, 37% used [0x00000000ead80000,0x00000000eaddfcc8,0x00000000eae80000)
  to   space 512K, 0% used [0x00000000eaf00000,0x00000000eaf00000,0x00000000eaf80000)
 ParOldGen       total 440320K, used 440266K [0x00000000c0000000, 0x00000000dae00000, 0x00000000eab00000)
  object space 440320K, 99% used [0x00000000c0000000,0x00000000dadf2b68,0x00000000dae00000)
 Metaspace       used 66183K, committed 67648K, reserved 1114112K
  class space    used 6714K, committed 7360K, reserved 1048576K
}
Event: 25.844 GC heap before
{Heap before GC invocations=441 (full 3):
 PSYoungGen      total 3584K, used 2936K [0x00000000eab00000, 0x00000000eaf80000, 0x0000000100000000)
  eden space 2560K, 99% used [0x00000000eab00000,0x00000000ead7e648,0x00000000ead80000)
  from space 1024K, 37% used [0x00000000ead80000,0x00000000eaddfcc8,0x00000000eae80000)
  to   space 512K, 0% used [0x00000000eaf00000,0x00000000eaf00000,0x00000000eaf80000)
 ParOldGen       total 440320K, used 440266K [0x00000000c0000000, 0x00000000dae00000, 0x00000000eab00000)
  object space 440320K, 99% used [0x00000000c0000000,0x00000000dadf2b68,0x00000000dae00000)
 Metaspace       used 66183K, committed 67648K, reserved 1114112K
  class space    used 6714K, committed 7360K, reserved 1048576K
}
Event: 25.845 GC heap after
{Heap after GC invocations=441 (full 3):
 PSYoungGen      total 3072K, used 470K [0x00000000eab00000, 0x00000000eaf80000, 0x0000000100000000)
  eden space 2560K, 0% used [0x00000000eab00000,0x00000000eab00000,0x00000000ead80000)
  from space 512K, 91% used [0x00000000eaf00000,0x00000000eaf75808,0x00000000eaf80000)
  to   space 512K, 0% used [0x00000000eae80000,0x00000000eae80000,0x00000000eaf00000)
 ParOldGen       total 440832K, used 440570K [0x00000000c0000000, 0x00000000dae80000, 0x00000000eab00000)
  object space 440832K, 99% used [0x00000000c0000000,0x00000000dae3eb68,0x00000000dae80000)
 Metaspace       used 66183K, committed 67648K, reserved 1114112K
  class space    used 6714K, committed 7360K, reserved 1048576K
}
Event: 25.853 GC heap before
{Heap before GC invocations=442 (full 3):
 PSYoungGen      total 3072K, used 3029K [0x00000000eab00000, 0x00000000eaf80000, 0x0000000100000000)
  eden space 2560K, 99% used [0x00000000eab00000,0x00000000ead7fca0,0x00000000ead80000)
  from space 512K, 91% used [0x00000000eaf00000,0x00000000eaf75808,0x00000000eaf80000)
  to   space 512K, 0% used [0x00000000eae80000,0x00000000eae80000,0x00000000eaf00000)
 ParOldGen       total 440832K, used 440570K [0x00000000c0000000, 0x00000000dae80000, 0x00000000eab00000)
  object space 440832K, 99% used [0x00000000c0000000,0x00000000dae3eb68,0x00000000dae80000)
 Metaspace       used 66183K, committed 67648K, reserved 1114112K
  class space    used 6714K, committed 7360K, reserved 1048576K
}
Event: 25.855 GC heap after
{Heap after GC invocations=442 (full 3):
 PSYoungGen      total 3072K, used 384K [0x00000000eab00000, 0x00000000eaf80000, 0x0000000100000000)
  eden space 2560K, 0% used [0x00000000eab00000,0x00000000eab00000,0x00000000ead80000)
  from space 512K, 75% used [0x00000000eae80000,0x00000000eaee0000,0x00000000eaf00000)
  to   space 512K, 0% used [0x00000000eaf00000,0x00000000eaf00000,0x00000000eaf80000)
 ParOldGen       total 441344K, used 441016K [0x00000000c0000000, 0x00000000daf00000, 0x00000000eab00000)
  object space 441344K, 99% used [0x00000000c0000000,0x00000000daeae370,0x00000000daf00000)
 Metaspace       used 66183K, committed 67648K, reserved 1114112K
  class space    used 6714K, committed 7360K, reserved 1048576K
}
Event: 25.861 GC heap before
{Heap before GC invocations=443 (full 3):
 PSYoungGen      total 3072K, used 2944K [0x00000000eab00000, 0x00000000eaf80000, 0x0000000100000000)
  eden space 2560K, 100% used [0x00000000eab00000,0x00000000ead80000,0x00000000ead80000)
  from space 512K, 75% used [0x00000000eae80000,0x00000000eaee0000,0x00000000eaf00000)
  to   space 512K, 0% used [0x00000000eaf00000,0x00000000eaf00000,0x00000000eaf80000)
 ParOldGen       total 441344K, used 441016K [0x00000000c0000000, 0x00000000daf00000, 0x00000000eab00000)
  object space 441344K, 99% used [0x00000000c0000000,0x00000000daeae370,0x00000000daf00000)
 Metaspace       used 66183K, committed 67648K, reserved 1114112K
  class space    used 6714K, committed 7360K, reserved 1048576K
}
Event: 25.862 GC heap after
{Heap after GC invocations=443 (full 3):
 PSYoungGen      total 3072K, used 288K [0x00000000eab00000, 0x00000000eaf80000, 0x0000000100000000)
  eden space 2560K, 0% used [0x00000000eab00000,0x00000000eab00000,0x00000000ead80000)
  from space 512K, 56% used [0x00000000eaf00000,0x00000000eaf48000,0x00000000eaf80000)
  to   space 512K, 0% used [0x00000000eae80000,0x00000000eae80000,0x00000000eaf00000)
 ParOldGen       total 441344K, used 441320K [0x00000000c0000000, 0x00000000daf00000, 0x00000000eab00000)
  object space 441344K, 99% used [0x00000000c0000000,0x00000000daefa370,0x00000000daf00000)
 Metaspace       used 66183K, committed 67648K, reserved 1114112K
  class space    used 6714K, committed 7360K, reserved 1048576K
}
Event: 25.868 GC heap before
{Heap before GC invocations=444 (full 3):
 PSYoungGen      total 3072K, used 2848K [0x00000000eab00000, 0x00000000eaf80000, 0x0000000100000000)
  eden space 2560K, 100% used [0x00000000eab00000,0x00000000ead80000,0x00000000ead80000)
  from space 512K, 56% used [0x00000000eaf00000,0x00000000eaf48000,0x00000000eaf80000)
  to   space 512K, 0% used [0x00000000eae80000,0x00000000eae80000,0x00000000eaf00000)
 ParOldGen       total 441344K, used 441320K [0x00000000c0000000, 0x00000000daf00000, 0x00000000eab00000)
  object space 441344K, 99% used [0x00000000c0000000,0x00000000daefa370,0x00000000daf00000)
 Metaspace       used 66183K, committed 67648K, reserved 1114112K
  class space    used 6714K, committed 7360K, reserved 1048576K
}
Event: 25.870 GC heap after
{Heap after GC invocations=444 (full 3):
 PSYoungGen      total 3072K, used 320K [0x00000000eab00000, 0x00000000eaf80000, 0x0000000100000000)
  eden space 2560K, 0% used [0x00000000eab00000,0x00000000eab00000,0x00000000ead80000)
  from space 512K, 62% used [0x00000000eae80000,0x00000000eaed0000,0x00000000eaf00000)
  to   space 512K, 0% used [0x00000000eaf00000,0x00000000eaf00000,0x00000000eaf80000)
 ParOldGen       total 441856K, used 441600K [0x00000000c0000000, 0x00000000daf80000, 0x00000000eab00000)
  object space 441856K, 99% used [0x00000000c0000000,0x00000000daf40370,0x00000000daf80000)
 Metaspace       used 66183K, committed 67648K, reserved 1114112K
  class space    used 6714K, committed 7360K, reserved 1048576K
}
Event: 25.876 GC heap before
{Heap before GC invocations=445 (full 3):
 PSYoungGen      total 3072K, used 2880K [0x00000000eab00000, 0x00000000eaf80000, 0x0000000100000000)
  eden space 2560K, 100% used [0x00000000eab00000,0x00000000ead80000,0x00000000ead80000)
  from space 512K, 62% used [0x00000000eae80000,0x00000000eaed0000,0x00000000eaf00000)
  to   space 512K, 0% used [0x00000000eaf00000,0x00000000eaf00000,0x00000000eaf80000)
 ParOldGen       total 441856K, used 441600K [0x00000000c0000000, 0x00000000daf80000, 0x00000000eab00000)
  object space 441856K, 99% used [0x00000000c0000000,0x00000000daf40370,0x00000000daf80000)
 Metaspace       used 66183K, committed 67648K, reserved 1114112K
  class space    used 6714K, committed 7360K, reserved 1048576K
}
Event: 25.878 GC heap after
{Heap after GC invocations=445 (full 3):
 PSYoungGen      total 3072K, used 352K [0x00000000eab00000, 0x00000000eaf80000, 0x0000000100000000)
  eden space 2560K, 0% used [0x00000000eab00000,0x00000000eab00000,0x00000000ead80000)
  from space 512K, 68% used [0x00000000eaf00000,0x00000000eaf58000,0x00000000eaf80000)
  to   space 512K, 0% used [0x00000000eae80000,0x00000000eae80000,0x00000000eaf00000)
 ParOldGen       total 442368K, used 441856K [0x00000000c0000000, 0x00000000db000000, 0x00000000eab00000)
  object space 442368K, 99% used [0x00000000c0000000,0x00000000daf80370,0x00000000db000000)
 Metaspace       used 66183K, committed 67648K, reserved 1114112K
  class space    used 6714K, committed 7360K, reserved 1048576K
}
Event: 25.893 GC heap before
{Heap before GC invocations=446 (full 3):
 PSYoungGen      total 3072K, used 2912K [0x00000000eab00000, 0x00000000eaf80000, 0x0000000100000000)
  eden space 2560K, 100% used [0x00000000eab00000,0x00000000ead80000,0x00000000ead80000)
  from space 512K, 68% used [0x00000000eaf00000,0x00000000eaf58000,0x00000000eaf80000)
  to   space 512K, 0% used [0x00000000eae80000,0x00000000eae80000,0x00000000eaf00000)
 ParOldGen       total 442368K, used 441856K [0x00000000c0000000, 0x00000000db000000, 0x00000000eab00000)
  object space 442368K, 99% used [0x00000000c0000000,0x00000000daf80370,0x00000000db000000)
 Metaspace       used 66183K, committed 67648K, reserved 1114112K
  class space    used 6714K, committed 7360K, reserved 1048576K
}
Event: 25.895 GC heap after
{Heap after GC invocations=446 (full 3):
 PSYoungGen      total 3072K, used 501K [0x00000000eab00000, 0x00000000eb080000, 0x0000000100000000)
  eden space 2560K, 0% used [0x00000000eab00000,0x00000000eab00000,0x00000000ead80000)
  from space 512K, 97% used [0x00000000eae80000,0x00000000eaefd400,0x00000000eaf00000)
  to   space 1536K, 0% used [0x00000000eaf00000,0x00000000eaf00000,0x00000000eb080000)
 ParOldGen       total 442368K, used 442308K [0x00000000c0000000, 0x00000000db000000, 0x00000000eab00000)
  object space 442368K, 99% used [0x00000000c0000000,0x00000000daff10f0,0x00000000db000000)
 Metaspace       used 66183K, committed 67648K, reserved 1114112K
  class space    used 6714K, committed 7360K, reserved 1048576K
}
Event: 25.933 GC heap before
{Heap before GC invocations=447 (full 3):
 PSYoungGen      total 3072K, used 3061K [0x00000000eab00000, 0x00000000eb080000, 0x0000000100000000)
  eden space 2560K, 100% used [0x00000000eab00000,0x00000000ead80000,0x00000000ead80000)
  from space 512K, 97% used [0x00000000eae80000,0x00000000eaefd400,0x00000000eaf00000)
  to   space 1536K, 0% used [0x00000000eaf00000,0x00000000eaf00000,0x00000000eb080000)
 ParOldGen       total 442368K, used 442308K [0x00000000c0000000, 0x00000000db000000, 0x00000000eab00000)
  object space 442368K, 99% used [0x00000000c0000000,0x00000000daff10f0,0x00000000db000000)
 Metaspace       used 66183K, committed 67648K, reserved 1114112K
  class space    used 6714K, committed 7360K, reserved 1048576K
}
Event: 25.935 GC heap after
{Heap after GC invocations=447 (full 3):
 PSYoungGen      total 3072K, used 403K [0x00000000eab00000, 0x00000000eaf80000, 0x0000000100000000)
  eden space 2560K, 0% used [0x00000000eab00000,0x00000000eab00000,0x00000000ead80000)
  from space 512K, 78% used [0x00000000eaf00000,0x00000000eaf64e58,0x00000000eaf80000)
  to   space 1024K, 0% used [0x00000000ead80000,0x00000000ead80000,0x00000000eae80000)
 ParOldGen       total 442880K, used 442548K [0x00000000c0000000, 0x00000000db080000, 0x00000000eab00000)
  object space 442880K, 99% used [0x00000000c0000000,0x00000000db02d0f0,0x00000000db080000)
 Metaspace       used 66183K, committed 67648K, reserved 1114112K
  class space    used 6714K, committed 7360K, reserved 1048576K
}
Event: 25.942 GC heap before
{Heap before GC invocations=448 (full 3):
 PSYoungGen      total 3072K, used 2963K [0x00000000eab00000, 0x00000000eaf80000, 0x0000000100000000)
  eden space 2560K, 100% used [0x00000000eab00000,0x00000000ead80000,0x00000000ead80000)
  from space 512K, 78% used [0x00000000eaf00000,0x00000000eaf64e58,0x00000000eaf80000)
  to   space 1024K, 0% used [0x00000000ead80000,0x00000000ead80000,0x00000000eae80000)
 ParOldGen       total 442880K, used 442548K [0x00000000c0000000, 0x00000000db080000, 0x00000000eab00000)
  object space 442880K, 99% used [0x00000000c0000000,0x00000000db02d0f0,0x00000000db080000)
 Metaspace       used 66183K, committed 67648K, reserved 1114112K
  class space    used 6714K, committed 7360K, reserved 1048576K
}
Event: 25.943 GC heap after
{Heap after GC invocations=448 (full 3):
 PSYoungGen      total 3584K, used 288K [0x00000000eab00000, 0x00000000eaf80000, 0x0000000100000000)
  eden space 2560K, 0% used [0x00000000eab00000,0x00000000eab00000,0x00000000ead80000)
  from space 1024K, 28% used [0x00000000ead80000,0x00000000eadc8000,0x00000000eae80000)
  to   space 512K, 0% used [0x00000000eaf00000,0x00000000eaf00000,0x00000000eaf80000)
 ParOldGen       total 443392K, used 442901K [0x00000000c0000000, 0x00000000db100000, 0x00000000eab00000)
  object space 443392K, 99% used [0x00000000c0000000,0x00000000db085448,0x00000000db100000)
 Metaspace       used 66183K, committed 67648K, reserved 1114112K
  class space    used 6714K, committed 7360K, reserved 1048576K
}
Event: 25.952 GC heap before
{Heap before GC invocations=449 (full 3):
 PSYoungGen      total 3584K, used 2848K [0x00000000eab00000, 0x00000000eaf80000, 0x0000000100000000)
  eden space 2560K, 100% used [0x00000000eab00000,0x00000000ead80000,0x00000000ead80000)
  from space 1024K, 28% used [0x00000000ead80000,0x00000000eadc8000,0x00000000eae80000)
  to   space 512K, 0% used [0x00000000eaf00000,0x00000000eaf00000,0x00000000eaf80000)
 ParOldGen       total 443392K, used 442901K [0x00000000c0000000, 0x00000000db100000, 0x00000000eab00000)
  object space 443392K, 99% used [0x00000000c0000000,0x00000000db085448,0x00000000db100000)
 Metaspace       used 66183K, committed 67648K, reserved 1114112K
  class space    used 6714K, committed 7360K, reserved 1048576K
}
Event: 25.954 GC heap after
{Heap after GC invocations=449 (full 3):
 PSYoungGen      total 3072K, used 283K [0x00000000eab00000, 0x00000000eaf80000, 0x0000000100000000)
  eden space 2560K, 0% used [0x00000000eab00000,0x00000000eab00000,0x00000000ead80000)
  from space 512K, 55% used [0x00000000eaf00000,0x00000000eaf46c08,0x00000000eaf80000)
  to   space 512K, 0% used [0x00000000eae80000,0x00000000eae80000,0x00000000eaf00000)
 ParOldGen       total 443392K, used 443141K [0x00000000c0000000, 0x00000000db100000, 0x00000000eab00000)
  object space 443392K, 99% used [0x00000000c0000000,0x00000000db0c1448,0x00000000db100000)
 Metaspace       used 66183K, committed 67648K, reserved 1114112K
  class space    used 6714K, committed 7360K, reserved 1048576K
}

