# JRE version: OpenJDK Runtime Environment Temurin-21.0.6+7 (21.0.6+7) (build 21.0.6+7-LTS)
# Java VM: OpenJDK 64-Bit Server VM Temurin-21.0.6+7 (21.0.6+7-LTS, mixed mode, sharing, tiered, compressed oops, compressed class ptrs, parallel gc, windows-amd64)
GC Precious Log:
 CardTable entry size: 512
 CPUs: 4 total, 4 available
 Memory: 8191M
 Large Page Support: Disabled
 NUMA Support: Disabled
 Compressed Oops: Enabled (32-bit)
 Alignments: Space 512K, Generation 512K, Heap 2M
 Heap Min Capacity: 100M
 Heap Initial Capacity: 100M
 Heap Max Capacity: 1G
 Pre-touch: Disabled
 Parallel Workers: 4
Heap:
 PSYoungGen      total 18944K, used 16494K [0x00000000eab00000, 0x00000000ec480000, 0x0000000100000000)
  eden space 13312K, 83% used [0x00000000eab00000,0x00000000eb5e75c8,0x00000000eb800000)
  from space 5632K, 94% used [0x00000000ebf00000,0x00000000ec434580,0x00000000ec480000)
  to   space 6144K, 0% used [0x00000000eb880000,0x00000000eb880000,0x00000000ebe80000)
 ParOldGen       total 693760K, used 693444K [0x00000000c0000000, 0x00000000ea580000, 0x00000000eab00000)
  object space 693760K, 99% used [0x00000000c0000000,0x00000000ea531170,0x00000000ea580000)
 Metaspace       used 71667K, committed 73280K, reserved 1179648K
  class space    used 7235K, committed 7936K, reserved 1048576K
GC Heap History (20 events):
Event: 27.976 GC heap before
{Heap before GC invocations=502 (full 3):
 PSYoungGen      total 7168K, used 7168K [0x00000000eab00000, 0x00000000ecb00000, 0x0000000100000000)
  eden space 3584K, 100% used [0x00000000eab00000,0x00000000eae80000,0x00000000eae80000)
  from space 3584K, 100% used [0x00000000eb880000,0x00000000ebc00000,0x00000000ebc00000)
  to   space 10240K, 0% used [0x00000000eae80000,0x00000000eae80000,0x00000000eb880000)
 ParOldGen       total 656896K, used 656705K [0x00000000c0000000, 0x00000000e8180000, 0x00000000eab00000)
  object space 656896K, 99% used [0x00000000c0000000,0x00000000e8150548,0x00000000e8180000)
 Metaspace       used 70905K, committed 72576K, reserved 1114112K
  class space    used 7161K, committed 7872K, reserved 1048576K
}
Event: 27.984 GC heap after
{Heap after GC invocations=502 (full 3):
 PSYoungGen      total 6656K, used 2592K [0x00000000eab00000, 0x00000000eb980000, 0x0000000100000000)
  eden space 3584K, 0% used [0x00000000eab00000,0x00000000eab00000,0x00000000eae80000)
  from space 3072K, 84% used [0x00000000eae80000,0x00000000eb108000,0x00000000eb180000)
  to   space 5120K, 0% used [0x00000000eb480000,0x00000000eb480000,0x00000000eb980000)
 ParOldGen       total 660480K, used 660313K [0x00000000c0000000, 0x00000000e8500000, 0x00000000eab00000)
  object space 660480K, 99% used [0x00000000c0000000,0x00000000e84d6548,0x00000000e8500000)
 Metaspace       used 70905K, committed 72576K, reserved 1114112K
  class space    used 7161K, committed 7872K, reserved 1048576K
}
Event: 27.993 GC heap before
{Heap before GC invocations=503 (full 3):
 PSYoungGen      total 6656K, used 6176K [0x00000000eab00000, 0x00000000eb980000, 0x0000000100000000)
  eden space 3584K, 100% used [0x00000000eab00000,0x00000000eae80000,0x00000000eae80000)
  from space 3072K, 84% used [0x00000000eae80000,0x00000000eb108000,0x00000000eb180000)
  to   space 5120K, 0% used [0x00000000eb480000,0x00000000eb480000,0x00000000eb980000)
 ParOldGen       total 660480K, used 660313K [0x00000000c0000000, 0x00000000e8500000, 0x00000000eab00000)
  object space 660480K, 99% used [0x00000000c0000000,0x00000000e84d6548,0x00000000e8500000)
 Metaspace       used 70905K, committed 72576K, reserved 1114112K
  class space    used 7161K, committed 7872K, reserved 1048576K
}
Event: 28.001 GC heap after
{Heap after GC invocations=503 (full 3):
 PSYoungGen      total 7680K, used 2624K [0x00000000eab00000, 0x00000000eb780000, 0x0000000100000000)
  eden space 4608K, 0% used [0x00000000eab00000,0x00000000eab00000,0x00000000eaf80000)
  from space 3072K, 85% used [0x00000000eb480000,0x00000000eb710000,0x00000000eb780000)
  to   space 3072K, 0% used [0x00000000eb180000,0x00000000eb180000,0x00000000eb480000)
 ParOldGen       total 663040K, used 662889K [0x00000000c0000000, 0x00000000e8780000, 0x00000000eab00000)
  object space 663040K, 99% used [0x00000000c0000000,0x00000000e875a548,0x00000000e8780000)
 Metaspace       used 70905K, committed 72576K, reserved 1114112K
  class space    used 7161K, committed 7872K, reserved 1048576K
}
Event: 28.014 GC heap before
{Heap before GC invocations=504 (full 3):
 PSYoungGen      total 7680K, used 7232K [0x00000000eab00000, 0x00000000eb780000, 0x0000000100000000)
  eden space 4608K, 100% used [0x00000000eab00000,0x00000000eaf80000,0x00000000eaf80000)
  from space 3072K, 85% used [0x00000000eb480000,0x00000000eb710000,0x00000000eb780000)
  to   space 3072K, 0% used [0x00000000eb180000,0x00000000eb180000,0x00000000eb480000)
 ParOldGen       total 663040K, used 662889K [0x00000000c0000000, 0x00000000e8780000, 0x00000000eab00000)
  object space 663040K, 99% used [0x00000000c0000000,0x00000000e875a548,0x00000000e8780000)
 Metaspace       used 70905K, committed 72576K, reserved 1114112K
  class space    used 7161K, committed 7872K, reserved 1048576K
}
Event: 28.022 GC heap after
{Heap after GC invocations=504 (full 3):
 PSYoungGen      total 8704K, used 3072K [0x00000000eab00000, 0x00000000ebd80000, 0x0000000100000000)
  eden space 5632K, 0% used [0x00000000eab00000,0x00000000eab00000,0x00000000eb080000)
  from space 3072K, 100% used [0x00000000eb180000,0x00000000eb480000,0x00000000eb480000)
  to   space 6656K, 0% used [0x00000000eb700000,0x00000000eb700000,0x00000000ebd80000)
 ParOldGen       total 666112K, used 665649K [0x00000000c0000000, 0x00000000e8a80000, 0x00000000eab00000)
  object space 666112K, 99% used [0x00000000c0000000,0x00000000e8a0c548,0x00000000e8a80000)
 Metaspace       used 70905K, committed 72576K, reserved 1114112K
  class space    used 7161K, committed 7872K, reserved 1048576K
}
Event: 28.036 GC heap before
{Heap before GC invocations=505 (full 3):
 PSYoungGen      total 8704K, used 8704K [0x00000000eab00000, 0x00000000ebd80000, 0x0000000100000000)
  eden space 5632K, 100% used [0x00000000eab00000,0x00000000eb080000,0x00000000eb080000)
  from space 3072K, 100% used [0x00000000eb180000,0x00000000eb480000,0x00000000eb480000)
  to   space 6656K, 0% used [0x00000000eb700000,0x00000000eb700000,0x00000000ebd80000)
 ParOldGen       total 666112K, used 665649K [0x00000000c0000000, 0x00000000e8a80000, 0x00000000eab00000)
  object space 666112K, 99% used [0x00000000c0000000,0x00000000e8a0c548,0x00000000e8a80000)
 Metaspace       used 70905K, committed 72576K, reserved 1114112K
  class space    used 7161K, committed 7872K, reserved 1048576K
}
Event: 28.047 GC heap after
{Heap after GC invocations=505 (full 3):
 PSYoungGen      total 12288K, used 4032K [0x00000000eab00000, 0x00000000ebc00000, 0x0000000100000000)
  eden space 7168K, 0% used [0x00000000eab00000,0x00000000eab00000,0x00000000eb200000)
  from space 5120K, 78% used [0x00000000eb700000,0x00000000ebaf0000,0x00000000ebc00000)
  to   space 5120K, 0% used [0x00000000eb200000,0x00000000eb200000,0x00000000eb700000)
 ParOldGen       total 669184K, used 668745K [0x00000000c0000000, 0x00000000e8d80000, 0x00000000eab00000)
  object space 669184K, 99% used [0x00000000c0000000,0x00000000e8d12548,0x00000000e8d80000)
 Metaspace       used 70905K, committed 72576K, reserved 1114112K
  class space    used 7161K, committed 7872K, reserved 1048576K
}
Event: 28.065 GC heap before
{Heap before GC invocations=506 (full 3):
 PSYoungGen      total 12288K, used 11200K [0x00000000eab00000, 0x00000000ebc00000, 0x0000000100000000)
  eden space 7168K, 100% used [0x00000000eab00000,0x00000000eb200000,0x00000000eb200000)
  from space 5120K, 78% used [0x00000000eb700000,0x00000000ebaf0000,0x00000000ebc00000)
  to   space 5120K, 0% used [0x00000000eb200000,0x00000000eb200000,0x00000000eb700000)
 ParOldGen       total 669184K, used 668745K [0x00000000c0000000, 0x00000000e8d80000, 0x00000000eab00000)
  object space 669184K, 99% used [0x00000000c0000000,0x00000000e8d12548,0x00000000e8d80000)
 Metaspace       used 70905K, committed 72576K, reserved 1114112K
  class space    used 7161K, committed 7872K, reserved 1048576K
}
Event: 28.074 GC heap after
{Heap after GC invocations=506 (full 3):
 PSYoungGen      total 12288K, used 5088K [0x00000000eab00000, 0x00000000ebe80000, 0x0000000100000000)
  eden space 7168K, 0% used [0x00000000eab00000,0x00000000eab00000,0x00000000eb200000)
  from space 5120K, 99% used [0x00000000eb200000,0x00000000eb6f8000,0x00000000eb700000)
  to   space 5632K, 0% used [0x00000000eb900000,0x00000000eb900000,0x00000000ebe80000)
 ParOldGen       total 672768K, used 672713K [0x00000000c0000000, 0x00000000e9100000, 0x00000000eab00000)
  object space 672768K, 99% used [0x00000000c0000000,0x00000000e90f2548,0x00000000e9100000)
 Metaspace       used 70905K, committed 72576K, reserved 1114112K
  class space    used 7161K, committed 7872K, reserved 1048576K
}
Event: 28.088 GC heap before
{Heap before GC invocations=507 (full 3):
 PSYoungGen      total 12288K, used 12256K [0x00000000eab00000, 0x00000000ebe80000, 0x0000000100000000)
  eden space 7168K, 100% used [0x00000000eab00000,0x00000000eb200000,0x00000000eb200000)
  from space 5120K, 99% used [0x00000000eb200000,0x00000000eb6f8000,0x00000000eb700000)
  to   space 5632K, 0% used [0x00000000eb900000,0x00000000eb900000,0x00000000ebe80000)
 ParOldGen       total 672768K, used 672713K [0x00000000c0000000, 0x00000000e9100000, 0x00000000eab00000)
  object space 672768K, 99% used [0x00000000c0000000,0x00000000e90f2548,0x00000000e9100000)
 Metaspace       used 70905K, committed 72576K, reserved 1114112K
  class space    used 7161K, committed 7872K, reserved 1048576K
}
Event: 28.101 GC heap after
{Heap after GC invocations=507 (full 3):
 PSYoungGen      total 14336K, used 5472K [0x00000000eab00000, 0x00000000ebe80000, 0x0000000100000000)
  eden space 8704K, 0% used [0x00000000eab00000,0x00000000eab00000,0x00000000eb380000)
  from space 5632K, 97% used [0x00000000eb900000,0x00000000ebe58000,0x00000000ebe80000)
  to   space 5632K, 0% used [0x00000000eb380000,0x00000000eb380000,0x00000000eb900000)
 ParOldGen       total 677888K, used 677753K [0x00000000c0000000, 0x00000000e9600000, 0x00000000eab00000)
  object space 677888K, 99% used [0x00000000c0000000,0x00000000e95de548,0x00000000e9600000)
 Metaspace       used 70905K, committed 72576K, reserved 1114112K
  class space    used 7161K, committed 7872K, reserved 1048576K
}
Event: 31.065 GC heap before
{Heap before GC invocations=508 (full 3):
 PSYoungGen      total 14336K, used 14176K [0x00000000eab00000, 0x00000000ebe80000, 0x0000000100000000)
  eden space 8704K, 100% used [0x00000000eab00000,0x00000000eb380000,0x00000000eb380000)
  from space 5632K, 97% used [0x00000000eb900000,0x00000000ebe58000,0x00000000ebe80000)
  to   space 5632K, 0% used [0x00000000eb380000,0x00000000eb380000,0x00000000eb900000)
 ParOldGen       total 677888K, used 677753K [0x00000000c0000000, 0x00000000e9600000, 0x00000000eab00000)
  object space 677888K, 99% used [0x00000000c0000000,0x00000000e95de548,0x00000000e9600000)
 Metaspace       used 70933K, committed 72576K, reserved 1114112K
  class space    used 7161K, committed 7872K, reserved 1048576K
}
Event: 31.073 GC heap after
{Heap after GC invocations=508 (full 3):
 PSYoungGen      total 14336K, used 5600K [0x00000000eab00000, 0x00000000ece80000, 0x0000000100000000)
  eden space 8704K, 0% used [0x00000000eab00000,0x00000000eab00000,0x00000000eb380000)
  from space 5632K, 99% used [0x00000000eb380000,0x00000000eb8f8020,0x00000000eb900000)
  to   space 12800K, 0% used [0x00000000ec200000,0x00000000ec200000,0x00000000ece80000)
 ParOldGen       total 684032K, used 683753K [0x00000000c0000000, 0x00000000e9c00000, 0x00000000eab00000)
  object space 684032K, 99% used [0x00000000c0000000,0x00000000e9bba548,0x00000000e9c00000)
 Metaspace       used 70933K, committed 72576K, reserved 1114112K
  class space    used 7161K, committed 7872K, reserved 1048576K
}
Event: 58.304 GC heap before
{Heap before GC invocations=509 (full 3):
 PSYoungGen      total 14336K, used 14185K [0x00000000eab00000, 0x00000000ece80000, 0x0000000100000000)
  eden space 8704K, 98% used [0x00000000eab00000,0x00000000eb3624a8,0x00000000eb380000)
  from space 5632K, 99% used [0x00000000eb380000,0x00000000eb8f8020,0x00000000eb900000)
  to   space 12800K, 0% used [0x00000000ec200000,0x00000000ec200000,0x00000000ece80000)
 ParOldGen       total 684032K, used 683753K [0x00000000c0000000, 0x00000000e9c00000, 0x00000000eab00000)
  object space 684032K, 99% used [0x00000000c0000000,0x00000000e9bba548,0x00000000e9c00000)
 Metaspace       used 71307K, committed 72960K, reserved 1114112K
  class space    used 7197K, committed 7936K, reserved 1048576K
}
Event: 58.319 GC heap after
{Heap after GC invocations=509 (full 3):
 PSYoungGen      total 14336K, used 3383K [0x00000000eab00000, 0x00000000ec580000, 0x0000000100000000)
  eden space 10752K, 0% used [0x00000000eab00000,0x00000000eab00000,0x00000000eb580000)
  from space 3584K, 94% used [0x00000000ec200000,0x00000000ec54dd40,0x00000000ec580000)
  to   space 6656K, 0% used [0x00000000eb880000,0x00000000eb880000,0x00000000ebf00000)
 ParOldGen       total 689152K, used 689049K [0x00000000c0000000, 0x00000000ea100000, 0x00000000eab00000)
  object space 689152K, 99% used [0x00000000c0000000,0x00000000ea0e6548,0x00000000ea100000)
 Metaspace       used 71307K, committed 72960K, reserved 1114112K
  class space    used 7197K, committed 7936K, reserved 1048576K
}
Event: 58.372 GC heap before
{Heap before GC invocations=510 (full 3):
 PSYoungGen      total 14336K, used 14135K [0x00000000eab00000, 0x00000000ec580000, 0x0000000100000000)
  eden space 10752K, 100% used [0x00000000eab00000,0x00000000eb580000,0x00000000eb580000)
  from space 3584K, 94% used [0x00000000ec200000,0x00000000ec54dd40,0x00000000ec580000)
  to   space 6656K, 0% used [0x00000000eb880000,0x00000000eb880000,0x00000000ebf00000)
 ParOldGen       total 689152K, used 689049K [0x00000000c0000000, 0x00000000ea100000, 0x00000000eab00000)
  object space 689152K, 99% used [0x00000000c0000000,0x00000000ea0e6548,0x00000000ea100000)
 Metaspace       used 71308K, committed 72960K, reserved 1114112K
  class space    used 7197K, committed 7936K, reserved 1048576K
}
Event: 58.381 GC heap after
{Heap after GC invocations=510 (full 3):
 PSYoungGen      total 19968K, used 6209K [0x00000000eab00000, 0x00000000ec600000, 0x0000000100000000)
  eden space 13312K, 0% used [0x00000000eab00000,0x00000000eab00000,0x00000000eb800000)
  from space 6656K, 93% used [0x00000000eb880000,0x00000000ebe90730,0x00000000ebf00000)
  to   space 7168K, 0% used [0x00000000ebf00000,0x00000000ebf00000,0x00000000ec600000)
 ParOldGen       total 691712K, used 691703K [0x00000000c0000000, 0x00000000ea380000, 0x00000000eab00000)
  object space 691712K, 99% used [0x00000000c0000000,0x00000000ea37de70,0x00000000ea380000)
 Metaspace       used 71308K, committed 72960K, reserved 1114112K
  class space    used 7197K, committed 7936K, reserved 1048576K
}
Event: 58.488 GC heap before
{Heap before GC invocations=511 (full 3):
 PSYoungGen      total 19968K, used 19520K [0x00000000eab00000, 0x00000000ec600000, 0x0000000100000000)
  eden space 13312K, 99% used [0x00000000eab00000,0x00000000eb7ffb68,0x00000000eb800000)
  from space 6656K, 93% used [0x00000000eb880000,0x00000000ebe90730,0x00000000ebf00000)
  to   space 7168K, 0% used [0x00000000ebf00000,0x00000000ebf00000,0x00000000ec600000)
 ParOldGen       total 691712K, used 691703K [0x00000000c0000000, 0x00000000ea380000, 0x00000000eab00000)
  object space 691712K, 99% used [0x00000000c0000000,0x00000000ea37de70,0x00000000ea380000)
 Metaspace       used 71371K, committed 73024K, reserved 1114112K
  class space    used 7202K, committed 7936K, reserved 1048576K
}
Event: 58.496 GC heap after
{Heap after GC invocations=511 (full 3):
 PSYoungGen      total 18944K, used 5329K [0x00000000eab00000, 0x00000000ec480000, 0x0000000100000000)
  eden space 13312K, 0% used [0x00000000eab00000,0x00000000eab00000,0x00000000eb800000)
  from space 5632K, 94% used [0x00000000ebf00000,0x00000000ec434580,0x00000000ec480000)
  to   space 6144K, 0% used [0x00000000eb880000,0x00000000eb880000,0x00000000ebe80000)
 ParOldGen       total 693760K, used 693444K [0x00000000c0000000, 0x00000000ea580000, 0x00000000eab00000)
  object space 693760K, 99% used [0x00000000c0000000,0x00000000ea531170,0x00000000ea580000)
 Metaspace       used 71371K, committed 73024K, reserved 1114112K
  class space    used 7202K, committed 7936K, reserved 1048576K
}

