# JRE version: OpenJDK Runtime Environment Temurin-21.0.6+7 (21.0.6+7) (build 21.0.6+7-LTS)
# Java VM: OpenJDK 64-Bit Server VM Temurin-21.0.6+7 (21.0.6+7-LTS, mixed mode, sharing, tiered, compressed oops, compressed class ptrs, parallel gc, windows-amd64)
GC Precious Log:
 CardTable entry size: 512
 CPUs: 4 total, 4 available
 Memory: 8191M
 Large Page Support: Disabled
 NUMA Support: Disabled
 Compressed Oops: Enabled (32-bit)
 Alignments: Space 512K, Generation 512K, Heap 2M
 Heap Min Capacity: 100M
 Heap Initial Capacity: 100M
 Heap Max Capacity: 1G
 Pre-touch: Disabled
 Parallel Workers: 4
Heap:
 PSYoungGen      total 6144K, used 3917K [0x00000000eab00000, 0x00000000eb500000, 0x0000000100000000)
  eden space 5120K, 56% used [0x00000000eab00000,0x00000000eadd6810,0x00000000eb000000)
  from space 1024K, 98% used [0x00000000eb000000,0x00000000eb0fcc30,0x00000000eb100000)
  to   space 2560K, 0% used [0x00000000eb280000,0x00000000eb280000,0x00000000eb500000)
 ParOldGen       total 227328K, used 227134K [0x00000000c0000000, 0x00000000cde00000, 0x00000000eab00000)
  object space 227328K, 99% used [0x00000000c0000000,0x00000000cddcf8f0,0x00000000cde00000)
 Metaspace       used 68301K, committed 69760K, reserved 1114112K
  class space    used 6933K, committed 7616K, reserved 1048576K
GC Heap History (20 events):
Event: 21.967 GC heap before
{Heap before GC invocations=195 (full 3):
 PSYoungGen      total 6656K, used 6358K [0x00000000eab00000, 0x00000000eb300000, 0x0000000100000000)
  eden space 5120K, 100% used [0x00000000eab00000,0x00000000eb000000,0x00000000eb000000)
  from space 1536K, 80% used [0x00000000eb000000,0x00000000eb135b70,0x00000000eb180000)
  to   space 1536K, 0% used [0x00000000eb180000,0x00000000eb180000,0x00000000eb300000)
 ParOldGen       total 213504K, used 213031K [0x00000000c0000000, 0x00000000cd080000, 0x00000000eab00000)
  object space 213504K, 99% used [0x00000000c0000000,0x00000000cd009ff0,0x00000000cd080000)
 Metaspace       used 68248K, committed 69696K, reserved 1114112K
  class space    used 6932K, committed 7616K, reserved 1048576K
}
Event: 21.969 GC heap after
{Heap after GC invocations=195 (full 3):
 PSYoungGen      total 6656K, used 1370K [0x00000000eab00000, 0x00000000eb300000, 0x0000000100000000)
  eden space 5120K, 0% used [0x00000000eab00000,0x00000000eab00000,0x00000000eb000000)
  from space 1536K, 89% used [0x00000000eb180000,0x00000000eb2d6bd8,0x00000000eb300000)
  to   space 1536K, 0% used [0x00000000eb000000,0x00000000eb000000,0x00000000eb180000)
 ParOldGen       total 214528K, used 214210K [0x00000000c0000000, 0x00000000cd180000, 0x00000000eab00000)
  object space 214528K, 99% used [0x00000000c0000000,0x00000000cd1309c0,0x00000000cd180000)
 Metaspace       used 68248K, committed 69696K, reserved 1114112K
  class space    used 6932K, committed 7616K, reserved 1048576K
}
Event: 21.976 GC heap before
{Heap before GC invocations=196 (full 3):
 PSYoungGen      total 6656K, used 6490K [0x00000000eab00000, 0x00000000eb300000, 0x0000000100000000)
  eden space 5120K, 100% used [0x00000000eab00000,0x00000000eb000000,0x00000000eb000000)
  from space 1536K, 89% used [0x00000000eb180000,0x00000000eb2d6bd8,0x00000000eb300000)
  to   space 1536K, 0% used [0x00000000eb000000,0x00000000eb000000,0x00000000eb180000)
 ParOldGen       total 214528K, used 214210K [0x00000000c0000000, 0x00000000cd180000, 0x00000000eab00000)
  object space 214528K, 99% used [0x00000000c0000000,0x00000000cd1309c0,0x00000000cd180000)
 Metaspace       used 68248K, committed 69696K, reserved 1114112K
  class space    used 6932K, committed 7616K, reserved 1048576K
}
Event: 21.978 GC heap after
{Heap after GC invocations=196 (full 3):
 PSYoungGen      total 6656K, used 1075K [0x00000000eab00000, 0x00000000eb300000, 0x0000000100000000)
  eden space 5120K, 0% used [0x00000000eab00000,0x00000000eab00000,0x00000000eb000000)
  from space 1536K, 70% used [0x00000000eb000000,0x00000000eb10cd90,0x00000000eb180000)
  to   space 1536K, 0% used [0x00000000eb180000,0x00000000eb180000,0x00000000eb300000)
 ParOldGen       total 215040K, used 214998K [0x00000000c0000000, 0x00000000cd200000, 0x00000000eab00000)
  object space 215040K, 99% used [0x00000000c0000000,0x00000000cd1f5a78,0x00000000cd200000)
 Metaspace       used 68248K, committed 69696K, reserved 1114112K
  class space    used 6932K, committed 7616K, reserved 1048576K
}
Event: 21.987 GC heap before
{Heap before GC invocations=197 (full 3):
 PSYoungGen      total 6656K, used 6191K [0x00000000eab00000, 0x00000000eb300000, 0x0000000100000000)
  eden space 5120K, 99% used [0x00000000eab00000,0x00000000eafff158,0x00000000eb000000)
  from space 1536K, 70% used [0x00000000eb000000,0x00000000eb10cd90,0x00000000eb180000)
  to   space 1536K, 0% used [0x00000000eb180000,0x00000000eb180000,0x00000000eb300000)
 ParOldGen       total 215040K, used 214998K [0x00000000c0000000, 0x00000000cd200000, 0x00000000eab00000)
  object space 215040K, 99% used [0x00000000c0000000,0x00000000cd1f5a78,0x00000000cd200000)
 Metaspace       used 68248K, committed 69696K, reserved 1114112K
  class space    used 6932K, committed 7616K, reserved 1048576K
}
Event: 21.989 GC heap after
{Heap after GC invocations=197 (full 3):
 PSYoungGen      total 6656K, used 1115K [0x00000000eab00000, 0x00000000eb300000, 0x0000000100000000)
  eden space 5120K, 0% used [0x00000000eab00000,0x00000000eab00000,0x00000000eb000000)
  from space 1536K, 72% used [0x00000000eb180000,0x00000000eb296cf8,0x00000000eb300000)
  to   space 1536K, 0% used [0x00000000eb000000,0x00000000eb000000,0x00000000eb180000)
 ParOldGen       total 216064K, used 215886K [0x00000000c0000000, 0x00000000cd300000, 0x00000000eab00000)
  object space 216064K, 99% used [0x00000000c0000000,0x00000000cd2d3928,0x00000000cd300000)
 Metaspace       used 68248K, committed 69696K, reserved 1114112K
  class space    used 6932K, committed 7616K, reserved 1048576K
}
Event: 22.035 GC heap before
{Heap before GC invocations=198 (full 3):
 PSYoungGen      total 6656K, used 6235K [0x00000000eab00000, 0x00000000eb300000, 0x0000000100000000)
  eden space 5120K, 100% used [0x00000000eab00000,0x00000000eb000000,0x00000000eb000000)
  from space 1536K, 72% used [0x00000000eb180000,0x00000000eb296cf8,0x00000000eb300000)
  to   space 1536K, 0% used [0x00000000eb000000,0x00000000eb000000,0x00000000eb180000)
 ParOldGen       total 216064K, used 215886K [0x00000000c0000000, 0x00000000cd300000, 0x00000000eab00000)
  object space 216064K, 99% used [0x00000000c0000000,0x00000000cd2d3928,0x00000000cd300000)
 Metaspace       used 68251K, committed 69696K, reserved 1114112K
  class space    used 6932K, committed 7616K, reserved 1048576K
}
Event: 22.037 GC heap after
{Heap after GC invocations=198 (full 3):
 PSYoungGen      total 6656K, used 1436K [0x00000000eab00000, 0x00000000eb300000, 0x0000000100000000)
  eden space 5120K, 0% used [0x00000000eab00000,0x00000000eab00000,0x00000000eb000000)
  from space 1536K, 93% used [0x00000000eb000000,0x00000000eb1672e8,0x00000000eb180000)
  to   space 1536K, 0% used [0x00000000eb180000,0x00000000eb180000,0x00000000eb300000)
 ParOldGen       total 217088K, used 216917K [0x00000000c0000000, 0x00000000cd400000, 0x00000000eab00000)
  object space 217088K, 99% used [0x00000000c0000000,0x00000000cd3d57a0,0x00000000cd400000)
 Metaspace       used 68251K, committed 69696K, reserved 1114112K
  class space    used 6932K, committed 7616K, reserved 1048576K
}
Event: 22.052 GC heap before
{Heap before GC invocations=199 (full 3):
 PSYoungGen      total 6656K, used 6556K [0x00000000eab00000, 0x00000000eb300000, 0x0000000100000000)
  eden space 5120K, 100% used [0x00000000eab00000,0x00000000eb000000,0x00000000eb000000)
  from space 1536K, 93% used [0x00000000eb000000,0x00000000eb1672e8,0x00000000eb180000)
  to   space 1536K, 0% used [0x00000000eb180000,0x00000000eb180000,0x00000000eb300000)
 ParOldGen       total 217088K, used 216917K [0x00000000c0000000, 0x00000000cd400000, 0x00000000eab00000)
  object space 217088K, 99% used [0x00000000c0000000,0x00000000cd3d57a0,0x00000000cd400000)
 Metaspace       used 68258K, committed 69696K, reserved 1114112K
  class space    used 6932K, committed 7616K, reserved 1048576K
}
Event: 22.054 GC heap after
{Heap after GC invocations=199 (full 3):
 PSYoungGen      total 6656K, used 1340K [0x00000000eab00000, 0x00000000eb300000, 0x0000000100000000)
  eden space 5120K, 0% used [0x00000000eab00000,0x00000000eab00000,0x00000000eb000000)
  from space 1536K, 87% used [0x00000000eb180000,0x00000000eb2cf3d0,0x00000000eb300000)
  to   space 1536K, 0% used [0x00000000eb000000,0x00000000eb000000,0x00000000eb180000)
 ParOldGen       total 218624K, used 218206K [0x00000000c0000000, 0x00000000cd580000, 0x00000000eab00000)
  object space 218624K, 99% used [0x00000000c0000000,0x00000000cd517b68,0x00000000cd580000)
 Metaspace       used 68258K, committed 69696K, reserved 1114112K
  class space    used 6932K, committed 7616K, reserved 1048576K
}
Event: 22.074 GC heap before
{Heap before GC invocations=200 (full 3):
 PSYoungGen      total 6656K, used 6460K [0x00000000eab00000, 0x00000000eb300000, 0x0000000100000000)
  eden space 5120K, 100% used [0x00000000eab00000,0x00000000eb000000,0x00000000eb000000)
  from space 1536K, 87% used [0x00000000eb180000,0x00000000eb2cf3d0,0x00000000eb300000)
  to   space 1536K, 0% used [0x00000000eb000000,0x00000000eb000000,0x00000000eb180000)
 ParOldGen       total 218624K, used 218206K [0x00000000c0000000, 0x00000000cd580000, 0x00000000eab00000)
  object space 218624K, 99% used [0x00000000c0000000,0x00000000cd517b68,0x00000000cd580000)
 Metaspace       used 68262K, committed 69696K, reserved 1114112K
  class space    used 6932K, committed 7616K, reserved 1048576K
}
Event: 22.076 GC heap after
{Heap after GC invocations=200 (full 3):
 PSYoungGen      total 6656K, used 1365K [0x00000000eab00000, 0x00000000eb300000, 0x0000000100000000)
  eden space 5120K, 0% used [0x00000000eab00000,0x00000000eab00000,0x00000000eb000000)
  from space 1536K, 88% used [0x00000000eb000000,0x00000000eb155598,0x00000000eb180000)
  to   space 1536K, 0% used [0x00000000eb180000,0x00000000eb180000,0x00000000eb300000)
 ParOldGen       total 219648K, used 219477K [0x00000000c0000000, 0x00000000cd680000, 0x00000000eab00000)
  object space 219648K, 99% used [0x00000000c0000000,0x00000000cd6555e8,0x00000000cd680000)
 Metaspace       used 68262K, committed 69696K, reserved 1114112K
  class space    used 6932K, committed 7616K, reserved 1048576K
}
Event: 22.120 GC heap before
{Heap before GC invocations=201 (full 3):
 PSYoungGen      total 6656K, used 6485K [0x00000000eab00000, 0x00000000eb300000, 0x0000000100000000)
  eden space 5120K, 100% used [0x00000000eab00000,0x00000000eb000000,0x00000000eb000000)
  from space 1536K, 88% used [0x00000000eb000000,0x00000000eb155598,0x00000000eb180000)
  to   space 1536K, 0% used [0x00000000eb180000,0x00000000eb180000,0x00000000eb300000)
 ParOldGen       total 219648K, used 219477K [0x00000000c0000000, 0x00000000cd680000, 0x00000000eab00000)
  object space 219648K, 99% used [0x00000000c0000000,0x00000000cd6555e8,0x00000000cd680000)
 Metaspace       used 68293K, committed 69760K, reserved 1114112K
  class space    used 6933K, committed 7616K, reserved 1048576K
}
Event: 22.123 GC heap after
{Heap after GC invocations=201 (full 3):
 PSYoungGen      total 6656K, used 1123K [0x00000000eab00000, 0x00000000eb300000, 0x0000000100000000)
  eden space 5120K, 0% used [0x00000000eab00000,0x00000000eab00000,0x00000000eb000000)
  from space 1536K, 73% used [0x00000000eb180000,0x00000000eb298c88,0x00000000eb300000)
  to   space 1536K, 0% used [0x00000000eb000000,0x00000000eb000000,0x00000000eb180000)
 ParOldGen       total 221184K, used 220757K [0x00000000c0000000, 0x00000000cd800000, 0x00000000eab00000)
  object space 221184K, 99% used [0x00000000c0000000,0x00000000cd795488,0x00000000cd800000)
 Metaspace       used 68293K, committed 69760K, reserved 1114112K
  class space    used 6933K, committed 7616K, reserved 1048576K
}
Event: 22.131 GC heap before
{Heap before GC invocations=202 (full 3):
 PSYoungGen      total 6656K, used 6203K [0x00000000eab00000, 0x00000000eb300000, 0x0000000100000000)
  eden space 5120K, 99% used [0x00000000eab00000,0x00000000eaff60c0,0x00000000eb000000)
  from space 1536K, 73% used [0x00000000eb180000,0x00000000eb298c88,0x00000000eb300000)
  to   space 1536K, 0% used [0x00000000eb000000,0x00000000eb000000,0x00000000eb180000)
 ParOldGen       total 221184K, used 220757K [0x00000000c0000000, 0x00000000cd800000, 0x00000000eab00000)
  object space 221184K, 99% used [0x00000000c0000000,0x00000000cd795488,0x00000000cd800000)
 Metaspace       used 68293K, committed 69760K, reserved 1114112K
  class space    used 6933K, committed 7616K, reserved 1048576K
}
Event: 22.133 GC heap after
{Heap after GC invocations=202 (full 3):
 PSYoungGen      total 6144K, used 918K [0x00000000eab00000, 0x00000000eb200000, 0x0000000100000000)
  eden space 5120K, 0% used [0x00000000eab00000,0x00000000eab00000,0x00000000eb000000)
  from space 1024K, 89% used [0x00000000eb000000,0x00000000eb0e5b50,0x00000000eb100000)
  to   space 1024K, 0% used [0x00000000eb100000,0x00000000eb100000,0x00000000eb200000)
 ParOldGen       total 222208K, used 221766K [0x00000000c0000000, 0x00000000cd900000, 0x00000000eab00000)
  object space 222208K, 99% used [0x00000000c0000000,0x00000000cd891a80,0x00000000cd900000)
 Metaspace       used 68293K, committed 69760K, reserved 1114112K
  class space    used 6933K, committed 7616K, reserved 1048576K
}
Event: 22.142 GC heap before
{Heap before GC invocations=203 (full 3):
 PSYoungGen      total 6144K, used 6038K [0x00000000eab00000, 0x00000000eb200000, 0x0000000100000000)
  eden space 5120K, 100% used [0x00000000eab00000,0x00000000eb000000,0x00000000eb000000)
  from space 1024K, 89% used [0x00000000eb000000,0x00000000eb0e5b50,0x00000000eb100000)
  to   space 1024K, 0% used [0x00000000eb100000,0x00000000eb100000,0x00000000eb200000)
 ParOldGen       total 222208K, used 221766K [0x00000000c0000000, 0x00000000cd900000, 0x00000000eab00000)
  object space 222208K, 99% used [0x00000000c0000000,0x00000000cd891a80,0x00000000cd900000)
 Metaspace       used 68293K, committed 69760K, reserved 1114112K
  class space    used 6933K, committed 7616K, reserved 1048576K
}
Event: 22.143 GC heap after
{Heap after GC invocations=203 (full 3):
 PSYoungGen      total 6144K, used 949K [0x00000000eab00000, 0x00000000eb200000, 0x0000000100000000)
  eden space 5120K, 0% used [0x00000000eab00000,0x00000000eab00000,0x00000000eb000000)
  from space 1024K, 92% used [0x00000000eb100000,0x00000000eb1ed558,0x00000000eb200000)
  to   space 1024K, 0% used [0x00000000eb000000,0x00000000eb000000,0x00000000eb100000)
 ParOldGen       total 222720K, used 222671K [0x00000000c0000000, 0x00000000cd980000, 0x00000000eab00000)
  object space 222720K, 99% used [0x00000000c0000000,0x00000000cd973f80,0x00000000cd980000)
 Metaspace       used 68293K, committed 69760K, reserved 1114112K
  class space    used 6933K, committed 7616K, reserved 1048576K
}
Event: 22.155 GC heap before
{Heap before GC invocations=204 (full 3):
 PSYoungGen      total 6144K, used 6069K [0x00000000eab00000, 0x00000000eb200000, 0x0000000100000000)
  eden space 5120K, 100% used [0x00000000eab00000,0x00000000eb000000,0x00000000eb000000)
  from space 1024K, 92% used [0x00000000eb100000,0x00000000eb1ed558,0x00000000eb200000)
  to   space 1024K, 0% used [0x00000000eb000000,0x00000000eb000000,0x00000000eb100000)
 ParOldGen       total 222720K, used 222671K [0x00000000c0000000, 0x00000000cd980000, 0x00000000eab00000)
  object space 222720K, 99% used [0x00000000c0000000,0x00000000cd973f80,0x00000000cd980000)
 Metaspace       used 68293K, committed 69760K, reserved 1114112K
  class space    used 6933K, committed 7616K, reserved 1048576K
}
Event: 22.158 GC heap after
{Heap after GC invocations=204 (full 3):
 PSYoungGen      total 6144K, used 1011K [0x00000000eab00000, 0x00000000eb500000, 0x0000000100000000)
  eden space 5120K, 0% used [0x00000000eab00000,0x00000000eab00000,0x00000000eb000000)
  from space 1024K, 98% used [0x00000000eb000000,0x00000000eb0fcc30,0x00000000eb100000)
  to   space 2560K, 0% used [0x00000000eb280000,0x00000000eb280000,0x00000000eb500000)
 ParOldGen       total 223744K, used 223678K [0x00000000c0000000, 0x00000000cda80000, 0x00000000eab00000)
  object space 223744K, 99% used [0x00000000c0000000,0x00000000cda6f8e8,0x00000000cda80000)
 Metaspace       used 68293K, committed 69760K, reserved 1114112K
  class space    used 6933K, committed 7616K, reserved 1048576K
}

