# JRE version: OpenJDK Runtime Environment Zulu23.32+11-CA (23.0.2+7) (build 23.0.2+7)
# Java VM: OpenJDK 64-Bit Server VM Zulu23.32+11-CA (23.0.2+7, mixed mode, sharing, tiered, compressed oops, compressed class ptrs, g1 gc, windows-amd64)
GC Precious Log:
 CardTable entry size: 512
 Card Set container configuration: InlinePtr #cards 5 size 8 Array Of Cards #cards 10 size 36 Howl #buckets 4 coarsen threshold 1843 Howl Bitmap #cards 512 size 80 coarsen threshold 460 Card regions per heap region 1 cards per card region 2048
 CPUs: 4 total, 4 available
 Memory: 8191M
 Large Page Support: Disabled
 NUMA Support: Disabled
 Compressed Oops: Enabled (32-bit)
 Heap Region Size: 1M
 Heap Min Capacity: 8M
 Heap Initial Capacity: 128M
 Heap Max Capacity: 2G
 Pre-touch: Disabled
 Parallel Workers: 4
 Concurrent Workers: 1
 Concurrent Refinement Workers: 4
 Periodic GC: Disabled
Heap:
 garbage-first heap   total reserved 2097152K, committed 49152K, used 35623K [0x0000000080000000, 0x0000000100000000)
  region size 1024K, 3 young (3072K), 2 survivors (2048K)
 Metaspace       used 34210K, committed 34624K, reserved 1114112K
  class space    used 4068K, committed 4288K, reserved 1048576K
GC Heap History (20 events):
Event: 4.583 GC heap before
{Heap before GC invocations=7 (full 0):
 garbage-first heap   total reserved 2097152K, committed 37888K, used 27883K [0x0000000080000000, 0x0000000100000000)
  region size 1024K, 16 young (16384K), 2 survivors (2048K)
 Metaspace       used 24505K, committed 24704K, reserved 1114112K
  class space    used 3002K, committed 3072K, reserved 1048576K
}
Event: 4.586 GC heap after
{Heap after GC invocations=8 (full 0):
 garbage-first heap   total reserved 2097152K, committed 37888K, used 14750K [0x0000000080000000, 0x0000000100000000)
  region size 1024K, 1 young (1024K), 1 survivors (1024K)
 Metaspace       used 24505K, committed 24704K, reserved 1114112K
  class space    used 3002K, committed 3072K, reserved 1048576K
}
Event: 5.264 GC heap before
{Heap before GC invocations=8 (full 0):
 garbage-first heap   total reserved 2097152K, committed 37888K, used 30110K [0x0000000080000000, 0x0000000100000000)
  region size 1024K, 16 young (16384K), 1 survivors (1024K)
 Metaspace       used 25144K, committed 25408K, reserved 1114112K
  class space    used 3049K, committed 3136K, reserved 1048576K
}
Event: 5.267 GC heap after
{Heap after GC invocations=9 (full 0):
 garbage-first heap   total reserved 2097152K, committed 37888K, used 15841K [0x0000000080000000, 0x0000000100000000)
  region size 1024K, 2 young (2048K), 2 survivors (2048K)
 Metaspace       used 25144K, committed 25408K, reserved 1114112K
  class space    used 3049K, committed 3136K, reserved 1048576K
}
Event: 6.079 GC heap before
{Heap before GC invocations=9 (full 0):
 garbage-first heap   total reserved 2097152K, committed 37888K, used 31201K [0x0000000080000000, 0x0000000100000000)
  region size 1024K, 17 young (17408K), 2 survivors (2048K)
 Metaspace       used 25362K, committed 25600K, reserved 1114112K
  class space    used 3049K, committed 3136K, reserved 1048576K
}
Event: 6.082 GC heap after
{Heap after GC invocations=10 (full 0):
 garbage-first heap   total reserved 2097152K, committed 37888K, used 16233K [0x0000000080000000, 0x0000000100000000)
  region size 1024K, 2 young (2048K), 2 survivors (2048K)
 Metaspace       used 25362K, committed 25600K, reserved 1114112K
  class space    used 3049K, committed 3136K, reserved 1048576K
}
Event: 8.218 GC heap before
{Heap before GC invocations=10 (full 0):
 garbage-first heap   total reserved 2097152K, committed 37888K, used 31593K [0x0000000080000000, 0x0000000100000000)
  region size 1024K, 17 young (17408K), 2 survivors (2048K)
 Metaspace       used 25598K, committed 25856K, reserved 1114112K
  class space    used 3054K, committed 3136K, reserved 1048576K
}
Event: 8.220 GC heap after
{Heap after GC invocations=11 (full 0):
 garbage-first heap   total reserved 2097152K, committed 37888K, used 16520K [0x0000000080000000, 0x0000000100000000)
  region size 1024K, 2 young (2048K), 2 survivors (2048K)
 Metaspace       used 25598K, committed 25856K, reserved 1114112K
  class space    used 3054K, committed 3136K, reserved 1048576K
}
Event: 8.827 GC heap before
{Heap before GC invocations=11 (full 0):
 garbage-first heap   total reserved 2097152K, committed 37888K, used 30856K [0x0000000080000000, 0x0000000100000000)
  region size 1024K, 17 young (17408K), 2 survivors (2048K)
 Metaspace       used 31673K, committed 32064K, reserved 1114112K
  class space    used 3808K, committed 3968K, reserved 1048576K
}
Event: 8.831 GC heap after
{Heap after GC invocations=12 (full 0):
 garbage-first heap   total reserved 2097152K, committed 37888K, used 18422K [0x0000000080000000, 0x0000000100000000)
  region size 1024K, 3 young (3072K), 3 survivors (3072K)
 Metaspace       used 31673K, committed 32064K, reserved 1114112K
  class space    used 3808K, committed 3968K, reserved 1048576K
}
Event: 9.126 GC heap before
{Heap before GC invocations=12 (full 0):
 garbage-first heap   total reserved 2097152K, committed 37888K, used 29686K [0x0000000080000000, 0x0000000100000000)
  region size 1024K, 15 young (15360K), 3 survivors (3072K)
 Metaspace       used 33206K, committed 33536K, reserved 1114112K
  class space    used 3953K, committed 4096K, reserved 1048576K
}
Event: 9.134 GC heap after
{Heap after GC invocations=13 (full 0):
 garbage-first heap   total reserved 2097152K, committed 40960K, used 24491K [0x0000000080000000, 0x0000000100000000)
  region size 1024K, 2 young (2048K), 2 survivors (2048K)
 Metaspace       used 33206K, committed 33536K, reserved 1114112K
  class space    used 3953K, committed 4096K, reserved 1048576K
}
Event: 9.293 GC heap before
{Heap before GC invocations=13 (full 0):
 garbage-first heap   total reserved 2097152K, committed 40960K, used 33707K [0x0000000080000000, 0x0000000100000000)
  region size 1024K, 11 young (11264K), 2 survivors (2048K)
 Metaspace       used 33892K, committed 34240K, reserved 1114112K
  class space    used 4030K, committed 4160K, reserved 1048576K
}
Event: 9.299 GC heap after
{Heap after GC invocations=14 (full 0):
 garbage-first heap   total reserved 2097152K, committed 49152K, used 28005K [0x0000000080000000, 0x0000000100000000)
  region size 1024K, 2 young (2048K), 2 survivors (2048K)
 Metaspace       used 33892K, committed 34240K, reserved 1114112K
  class space    used 4030K, committed 4160K, reserved 1048576K
}
Event: 9.442 GC heap before
{Heap before GC invocations=15 (full 0):
 garbage-first heap   total reserved 2097152K, committed 49152K, used 38245K [0x0000000080000000, 0x0000000100000000)
  region size 1024K, 13 young (13312K), 2 survivors (2048K)
 Metaspace       used 33928K, committed 34240K, reserved 1114112K
  class space    used 4031K, committed 4160K, reserved 1048576K
}
Event: 9.447 GC heap after
{Heap after GC invocations=16 (full 0):
 garbage-first heap   total reserved 2097152K, committed 49152K, used 31877K [0x0000000080000000, 0x0000000100000000)
  region size 1024K, 2 young (2048K), 2 survivors (2048K)
 Metaspace       used 33928K, committed 34240K, reserved 1114112K
  class space    used 4031K, committed 4160K, reserved 1048576K
}
Event: 9.547 GC heap before
{Heap before GC invocations=16 (full 0):
 garbage-first heap   total reserved 2097152K, committed 49152K, used 41093K [0x0000000080000000, 0x0000000100000000)
  region size 1024K, 11 young (11264K), 2 survivors (2048K)
 Metaspace       used 34064K, committed 34432K, reserved 1114112K
  class space    used 4053K, committed 4224K, reserved 1048576K
}
Event: 9.551 GC heap after
{Heap after GC invocations=17 (full 0):
 garbage-first heap   total reserved 2097152K, committed 49152K, used 34211K [0x0000000080000000, 0x0000000100000000)
  region size 1024K, 2 young (2048K), 2 survivors (2048K)
 Metaspace       used 34064K, committed 34432K, reserved 1114112K
  class space    used 4053K, committed 4224K, reserved 1048576K
}
Event: 9.605 GC heap before
{Heap before GC invocations=17 (full 0):
 garbage-first heap   total reserved 2097152K, committed 49152K, used 42403K [0x0000000080000000, 0x0000000100000000)
  region size 1024K, 10 young (10240K), 2 survivors (2048K)
 Metaspace       used 34182K, committed 34624K, reserved 1114112K
  class space    used 4068K, committed 4288K, reserved 1048576K
}
Event: 9.609 GC heap after
{Heap after GC invocations=18 (full 0):
 garbage-first heap   total reserved 2097152K, committed 49152K, used 35623K [0x0000000080000000, 0x0000000100000000)
  region size 1024K, 2 young (2048K), 2 survivors (2048K)
 Metaspace       used 34182K, committed 34624K, reserved 1114112K
  class space    used 4068K, committed 4288K, reserved 1048576K
}

