-------------------------------------------------------------------------------
Test set: com.icon.sct.tests.SP00151_Test
-------------------------------------------------------------------------------
Tests run: 5, Failures: 1, Errors: 0, Skipped: 3, Time elapsed: 105.456 s <<< FAILURE! - in com.icon.sct.tests.SP00151_Test
testSetup(com.icon.sct.tests.SP00151_Test)  Time elapsed: 56.659 s  <<< FAILURE!
java.lang.AssertionError: 
Set text on Locator 'LoginLocators/LoginInput' - [//input[@type='email']] failed. Details: com.microsoft.playwright.TimeoutError: Error {
  message='Timeout 30000ms exceeded.
=========================== logs ===========================
waiting for locator("xpath=//input[@type='email']")
============================================================
  name='TimeoutError
  stack='TimeoutError: Timeout 30000ms exceeded.
=========================== logs ===========================
waiting for locator("xpath=//input[@type='email']")
============================================================
    at ProgressController.run (C:\Users\VoTha\AppData\Local\Temp\playwright-java-403703909782209034\package\lib\server\progress.js:88:26)
    at Frame.fill (C:\Users\VoTha\AppData\Local\Temp\playwright-java-403703909782209034\package\lib\server\frames.js:1055:23)
    at FrameDispatcher.fill (C:\Users\VoTha\AppData\Local\Temp\playwright-java-403703909782209034\package\lib\server\dispatchers\frameDispatcher.js:161:30)
    at DispatcherConnection.dispatch (C:\Users\VoTha\AppData\Local\Temp\playwright-java-403703909782209034\package\lib\server\dispatchers\dispatcher.js:319:46)
}

