<?xml version="1.0" encoding="UTF-8"?>
<testsuite xmlns:xsi="http://www.w3.org/2001/XMLSchema-instance" xsi:noNamespaceSchemaLocation="https://maven.apache.org/surefire/maven-surefire-plugin/xsd/surefire-test-report.xsd" name="com.icon.sct.tests.SP00151_Test" time="105.456" tests="5" errors="0" skipped="3" failures="1">
  <properties>
[...]
</properties>
  <testcase name="addFirstProjectProtocol" classname="com.icon.sct.tests.SP00151_Test" time="20.503"/>
  <testcase name="testSetup" classname="com.icon.sct.tests.SP00151_Test" time="56.659">
    <failure message="Set text on Locator &apos;LoginLocators/LoginInput&apos; - [//input[@type=&apos;email&apos;]] failed. Details: com.microsoft.playwright.TimeoutError: Error {&#10;  message=&apos;Timeout 30000ms exceeded.&#10;=========================== logs ===========================&#10;waiting for locator(&quot;xpath=//input[@type=&apos;email&apos;]&quot;)&#10;============================================================&#10;  name=&apos;TimeoutError&#10;  stack=&apos;TimeoutError: Timeout 30000ms exceeded.&#10;=========================== logs ===========================&#10;waiting for locator(&quot;xpath=//input[@type=&apos;email&apos;]&quot;)&#10;============================================================&#10;    at ProgressController.run (C:\Users\VoTha\AppData\Local\Temp\playwright-java-403703909782209034\package\lib\server\progress.js:88:26)&#10;    at Frame.fill (C:\Users\VoTha\AppData\Local\Temp\playwright-java-403703909782209034\package\lib\server\frames.js:1055:23)&#10;    at FrameDispatcher.fill (C:\Users\VoTha\AppData\Local\Temp\playwright-java-403703909782209034\package\lib\server\dispatchers\frameDispatcher.js:161:30)&#10;    at DispatcherConnection.dispatch (C:\Users\VoTha\AppData\Local\Temp\playwright-java-403703909782209034\package\lib\server\dispatchers\dispatcher.js:319:46)&#10;}" type="java.lang.AssertionError">java.lang.AssertionError: 
Set text on Locator 'LoginLocators/LoginInput' - [//input[@type='email']] failed. Details: com.microsoft.playwright.TimeoutError: Error {
  message='Timeout 30000ms exceeded.
=========================== logs ===========================
waiting for locator("xpath=//input[@type='email']")
============================================================
  name='TimeoutError
  stack='TimeoutError: Timeout 30000ms exceeded.
=========================== logs ===========================
waiting for locator("xpath=//input[@type='email']")
============================================================
    at ProgressController.run (C:\Users\VoTha\AppData\Local\Temp\playwright-java-403703909782209034\package\lib\server\progress.js:88:26)
    at Frame.fill (C:\Users\VoTha\AppData\Local\Temp\playwright-java-403703909782209034\package\lib\server\frames.js:1055:23)
    at FrameDispatcher.fill (C:\Users\VoTha\AppData\Local\Temp\playwright-java-403703909782209034\package\lib\server\dispatchers\frameDispatcher.js:161:30)
    at DispatcherConnection.dispatch (C:\Users\VoTha\AppData\Local\Temp\playwright-java-403703909782209034\package\lib\server\dispatchers\dispatcher.js:319:46)
}
</failure>
    <system-err><![CDATA[[main] INFO com.icon.sct.utils.Loggers - [19:45:42 PASSED] - Locator 'CommonLocators/userNavigation' is clicked on
[main] INFO com.icon.sct.utils.Loggers - [19:45:42 PASSED] - Locator 'CommonLocators/logOff' is clicked on
[main] INFO com.icon.sct.utils.Loggers - [19:45:43 PASSED] - Locator 'CommonLocators/reLogin' is visible after '0.3' seconds
[main] INFO com.icon.sct.utils.Loggers - [19:45:43 PASSED] - Logout of the SCT Application web page successfully
[main] INFO com.icon.sct.utils.Loggers - [19:45:43 INFO] - A Windows Screenshot was taken - [SCT_x.x.x.x-1_addFirstProjectProtocol_SS08.png]
[main] INFO com.icon.sct.utils.Loggers - [19:45:43 INFO] - Clean and prepare results directories successfully [results\SP00151_Test\screenshots\addSecondProjectProtocol, results\SP00151_Test\records, results\SP00151_Test\traces\addSecondProjectProtocol]
[main] INFO com.icon.sct.utils.Loggers - [19:45:46 PASSED] - Navigated to URL 'https://sctdrun.iconcr.com/'
[main] INFO com.icon.sct.utils.Loggers - [19:45:48 INFO] - Page is loaded after '2.2' second(s)
[main] INFO com.icon.sct.utils.Loggers - [19:45:48 INFO] - Page is loaded after '0.0' second(s)
[main] ERROR com.icon.sct.utils.Loggers - [19:46:18 FAILED] - Set text on Locator 'LoginLocators/LoginInput' - [//input[@type='email']] failed. Details: com.microsoft.playwright.TimeoutError: Error {
  message='Timeout 30000ms exceeded.
=========================== logs ===========================
waiting for locator("xpath=//input[@type='email']")
============================================================
  name='TimeoutError
  stack='TimeoutError: Timeout 30000ms exceeded.
=========================== logs ===========================
waiting for locator("xpath=//input[@type='email']")
============================================================
    at ProgressController.run (C:\Users\VoTha\AppData\Local\Temp\playwright-java-403703909782209034\package\lib\server\progress.js:88:26)
    at Frame.fill (C:\Users\VoTha\AppData\Local\Temp\playwright-java-403703909782209034\package\lib\server\frames.js:1055:23)
    at FrameDispatcher.fill (C:\Users\VoTha\AppData\Local\Temp\playwright-java-403703909782209034\package\lib\server\dispatchers\frameDispatcher.js:161:30)
    at DispatcherConnection.dispatch (C:\Users\VoTha\AppData\Local\Temp\playwright-java-403703909782209034\package\lib\server\dispatchers\dispatcher.js:319:46)
}
[main] INFO com.icon.sct.utils.Loggers - [19:46:18 INFO] - A Windows Screenshot was taken - [SCT_x.x.x.x-2_addSecondProjectProtocol_SS01.png]
]]></system-err>
  </testcase>
  <testcase name="addSecondProjectProtocol" classname="com.icon.sct.tests.SP00151_Test" time="0">
    <skipped message="Set text on Locator &apos;LoginLocators/LoginInput&apos; - [//input[@type=&apos;email&apos;]] failed. Details: com.microsoft.playwright.TimeoutError: Error {&#10;  message=&apos;Timeout 30000ms exceeded.&#10;=========================== logs ===========================&#10;waiting for locator(&quot;xpath=//input[@type=&apos;email&apos;]&quot;)&#10;============================================================&#10;  name=&apos;TimeoutError&#10;  stack=&apos;TimeoutError: Timeout 30000ms exceeded.&#10;=========================== logs ===========================&#10;waiting for locator(&quot;xpath=//input[@type=&apos;email&apos;]&quot;)&#10;============================================================&#10;    at ProgressController.run (C:\Users\VoTha\AppData\Local\Temp\playwright-java-403703909782209034\package\lib\server\progress.js:88:26)&#10;    at Frame.fill (C:\Users\VoTha\AppData\Local\Temp\playwright-java-403703909782209034\package\lib\server\frames.js:1055:23)&#10;    at FrameDispatcher.fill (C:\Users\VoTha\AppData\Local\Temp\playwright-java-403703909782209034\package\lib\server\dispatchers\frameDispatcher.js:161:30)&#10;    at DispatcherConnection.dispatch (C:\Users\VoTha\AppData\Local\Temp\playwright-java-403703909782209034\package\lib\server\dispatchers\dispatcher.js:319:46)&#10;}"/>
  </testcase>
  <testcase name="testTeardown" classname="com.icon.sct.tests.SP00151_Test" time="0">
    <skipped/>
  </testcase>
  <testcase name="closeBrowserAndStopAllRecords" classname="com.icon.sct.tests.SP00151_Test" time="0">
    <skipped/>
  </testcase>
</testsuite>