<?xml version="1.0" encoding="UTF-8"?>
<testng-results ignored="0" total="1" passed="1" failed="0" skipped="0">
  <reporter-output>
  </reporter-output>
  <suite started-at="2025-09-17T21:43:10 GMT+07:00" name="Surefire suite" finished-at="2025-09-17T21:44:03 GMT+07:00" duration-ms="53377">
    <groups>
      <group name="3.x.x">
        <method signature="SimpleTest.simpleTest()[pri:0, instance:com.icon.sct.tests.SimpleTest@1002d192]" name="simpleTest" class="com.icon.sct.tests.SimpleTest"/>
      </group> <!-- 3.x.x -->
      <group name="SCT v3.6">
        <method signature="SimpleTest.simpleTest()[pri:0, instance:com.icon.sct.tests.SimpleTest@1002d192]" name="simpleTest" class="com.icon.sct.tests.SimpleTest"/>
      </group> <!-- SCT v3.6 -->
    </groups>
    <test started-at="2025-09-17T21:43:10 GMT+07:00" name="Surefire test" finished-at="2025-09-17T21:44:03 GMT+07:00" duration-ms="53377">
      <class name="com.icon.sct.tests.SimpleTest">
        <test-method is-config="true" signature="beforeSuite()[pri:0, instance:com.icon.sct.tests.SimpleTest@1002d192]" started-at="2025-09-17T21:43:09 GMT+07:00" name="beforeSuite" finished-at="2025-09-17T21:43:10 GMT+07:00" duration-ms="122" status="PASS">
          <reporter-output>
          </reporter-output>
        </test-method> <!-- beforeSuite -->
        <test-method is-config="true" signature="initBasePage(org.testng.ITestContext)[pri:0, instance:com.icon.sct.tests.SimpleTest@1002d192]" started-at="2025-09-17T21:43:10 GMT+07:00" name="initBasePage" finished-at="2025-09-17T21:43:17 GMT+07:00" duration-ms="7018" status="PASS">
          <params>
            <param index="0">
              <value>
                <![CDATA[org.testng.TestRunner@1d432d56]]>
              </value>
            </param>
          </params>
          <reporter-output>
          </reporter-output>
        </test-method> <!-- initBasePage -->
        <test-method is-config="true" signature="testSetup(org.testng.ITestResult)[pri:0, instance:com.icon.sct.tests.SimpleTest@1002d192]" started-at="2025-09-17T21:43:17 GMT+07:00" name="testSetup" finished-at="2025-09-17T21:43:38 GMT+07:00" duration-ms="20933" status="PASS">
          <params>
            <param index="0">
              <value>
                <![CDATA[[TestResult name={null} status=CREATED method=SimpleTest.simpleTest()[pri:0, instance:com.icon.sct.tests.SimpleTest@1002d192] output={null}]]]>
              </value>
            </param>
          </params>
          <reporter-output>
          </reporter-output>
        </test-method> <!-- testSetup -->
        <test-method signature="simpleTest()[pri:0, instance:com.icon.sct.tests.SimpleTest@1002d192]" started-at="2025-09-17T21:43:38 GMT+07:00" name="simpleTest" description="[SP0151-xxxx] 3.x.x - Simple Test" finished-at="2025-09-17T21:43:59 GMT+07:00" duration-ms="20638" status="PASS">
          <reporter-output>
          </reporter-output>
        </test-method> <!-- simpleTest -->
        <test-method is-config="true" signature="testTeardown(org.testng.ITestResult)[pri:0, instance:com.icon.sct.tests.SimpleTest@1002d192]" started-at="2025-09-17T21:43:59 GMT+07:00" name="testTeardown" finished-at="2025-09-17T21:44:01 GMT+07:00" duration-ms="2795" status="PASS">
          <params>
            <param index="0">
              <value>
                <![CDATA[[TestResult name=simpleTest status=SUCCESS method=SimpleTest.simpleTest()[pri:0, instance:com.icon.sct.tests.SimpleTest@1002d192] output={null}]]]>
              </value>
            </param>
          </params>
          <reporter-output>
          </reporter-output>
        </test-method> <!-- testTeardown -->
        <test-method is-config="true" signature="closeBrowserAndStopAllRecords()[pri:0, instance:com.icon.sct.tests.SimpleTest@1002d192]" started-at="2025-09-17T21:44:01 GMT+07:00" name="closeBrowserAndStopAllRecords" finished-at="2025-09-17T21:44:03 GMT+07:00" duration-ms="1582" status="PASS">
          <reporter-output>
          </reporter-output>
        </test-method> <!-- closeBrowserAndStopAllRecords -->
        <test-method is-config="true" signature="generateAllureReport(org.testng.ITestContext)[pri:0, instance:com.icon.sct.tests.SimpleTest@1002d192]" started-at="2025-09-17T21:44:03 GMT+07:00" name="generateAllureReport" finished-at="2025-09-17T21:44:25 GMT+07:00" duration-ms="22143" status="PASS">
          <params>
            <param index="0">
              <value>
                <![CDATA[org.testng.TestRunner@1d432d56]]>
              </value>
            </param>
          </params>
          <reporter-output>
          </reporter-output>
        </test-method> <!-- generateAllureReport -->
      </class> <!-- com.icon.sct.tests.SimpleTest -->
    </test> <!-- Surefire test -->
  </suite> <!-- Surefire suite -->
</testng-results>
